31-May-2022 22:41:30.259 INFORMAÇÕES [main] org.apache.catalina.startup.VersionLoggerListener.log Server version name:   Apache Tomcat/10.0.21
31-May-2022 22:41:30.323 INFORMAÇÕES [main] org.apache.catalina.startup.VersionLoggerListener.log Server built:          May 10 2022 21:53:12 UTC
31-May-2022 22:41:30.325 INFORMAÇÕES [main] org.apache.catalina.startup.VersionLoggerListener.log Server version number: 10.0.21.0
31-May-2022 22:41:30.325 INFORMAÇÕES [main] org.apache.catalina.startup.VersionLoggerListener.log OS Name:               Windows 10
31-May-2022 22:41:30.326 INFORMAÇÕES [main] org.apache.catalina.startup.VersionLoggerListener.log OS Version:            10.0
31-May-2022 22:41:30.326 INFORMAÇÕES [main] org.apache.catalina.startup.VersionLoggerListener.log Architecture:          amd64
31-May-2022 22:41:30.326 INFORMAÇÕES [main] org.apache.catalina.startup.VersionLoggerListener.log Java Home:             C:\Program Files\Zulu\zulu-17
31-May-2022 22:41:30.326 INFORMAÇÕES [main] org.apache.catalina.startup.VersionLoggerListener.log JVM Version:           17.0.3+7-LTS
31-May-2022 22:41:30.326 INFORMAÇÕES [main] org.apache.catalina.startup.VersionLoggerListener.log JVM Vendor:            Azul Systems, Inc.
31-May-2022 22:41:30.326 INFORMAÇÕES [main] org.apache.catalina.startup.VersionLoggerListener.log CATALINA_BASE:         F:\programação\help me\apache-tomcat-10.0.21
31-May-2022 22:41:30.327 INFORMAÇÕES [main] org.apache.catalina.startup.VersionLoggerListener.log CATALINA_HOME:         F:\programação\help me\apache-tomcat-10.0.21
31-May-2022 22:41:30.448 INFORMAÇÕES [main] org.apache.catalina.startup.VersionLoggerListener.log Command line argument: --add-opens=java.base/java.lang=ALL-UNNAMED
31-May-2022 22:41:30.448 INFORMAÇÕES [main] org.apache.catalina.startup.VersionLoggerListener.log Command line argument: --add-opens=java.base/java.io=ALL-UNNAMED
31-May-2022 22:41:30.448 INFORMAÇÕES [main] org.apache.catalina.startup.VersionLoggerListener.log Command line argument: --add-opens=java.base/java.util=ALL-UNNAMED
31-May-2022 22:41:30.449 INFORMAÇÕES [main] org.apache.catalina.startup.VersionLoggerListener.log Command line argument: --add-opens=java.base/java.util.concurrent=ALL-UNNAMED
31-May-2022 22:41:30.449 INFORMAÇÕES [main] org.apache.catalina.startup.VersionLoggerListener.log Command line argument: --add-opens=java.rmi/sun.rmi.transport=ALL-UNNAMED
31-May-2022 22:41:30.449 INFORMAÇÕES [main] org.apache.catalina.startup.VersionLoggerListener.log Command line argument: -Djava.util.logging.config.file=F:\programação\help me\apache-tomcat-10.0.21\conf\logging.properties
31-May-2022 22:41:30.449 INFORMAÇÕES [main] org.apache.catalina.startup.VersionLoggerListener.log Command line argument: -Djava.util.logging.manager=org.apache.juli.ClassLoaderLogManager
31-May-2022 22:41:30.449 INFORMAÇÕES [main] org.apache.catalina.startup.VersionLoggerListener.log Command line argument: -Dhttp.nonProxyHosts=localhost|127.0.0.1|DESKTOP-77UU9AE
31-May-2022 22:41:30.449 INFORMAÇÕES [main] org.apache.catalina.startup.VersionLoggerListener.log Command line argument: -Djdk.tls.ephemeralDHKeySize=2048
31-May-2022 22:41:30.450 INFORMAÇÕES [main] org.apache.catalina.startup.VersionLoggerListener.log Command line argument: -Djava.protocol.handler.pkgs=org.apache.catalina.webresources
31-May-2022 22:41:30.450 INFORMAÇÕES [main] org.apache.catalina.startup.VersionLoggerListener.log Command line argument: -Dignore.endorsed.dirs=
31-May-2022 22:41:30.450 INFORMAÇÕES [main] org.apache.catalina.startup.VersionLoggerListener.log Command line argument: -Dcatalina.base=F:\programação\help me\apache-tomcat-10.0.21
31-May-2022 22:41:30.450 INFORMAÇÕES [main] org.apache.catalina.startup.VersionLoggerListener.log Command line argument: -Dcatalina.home=F:\programação\help me\apache-tomcat-10.0.21
31-May-2022 22:41:30.450 INFORMAÇÕES [main] org.apache.catalina.startup.VersionLoggerListener.log Command line argument: -Djava.io.tmpdir=F:\programação\help me\apache-tomcat-10.0.21\temp
31-May-2022 22:41:30.712 INFORMAÇÕES [main] org.apache.catalina.core.AprLifecycleListener.lifecycleEvent Loaded Apache Tomcat Native library [1.2.33] using APR version [1.7.0].
31-May-2022 22:41:30.712 INFORMAÇÕES [main] org.apache.catalina.core.AprLifecycleListener.lifecycleEvent APR capabilities: IPv6 [true], sendfile [true], accept filters [false], random [true], UDS [true].
31-May-2022 22:41:30.764 INFORMAÇÕES [main] org.apache.catalina.core.AprLifecycleListener.initializeSSL OpenSSL successfully initialized [OpenSSL 1.1.1o  3 May 2022]
31-May-2022 22:41:31.846 INFORMAÇÕES [main] org.apache.coyote.AbstractProtocol.init Initializing ProtocolHandler ["http-nio-8080"]
31-May-2022 22:41:32.062 INFORMAÇÕES [main] org.apache.catalina.startup.Catalina.load Server initialization in [2555] milliseconds
31-May-2022 22:41:33.077 INFORMAÇÕES [main] org.apache.catalina.core.StandardService.startInternal Starting service [Catalina]
31-May-2022 22:41:33.077 INFORMAÇÕES [main] org.apache.catalina.core.StandardEngine.startInternal Starting Servlet engine: [Apache Tomcat/10.0.21]
31-May-2022 22:41:33.160 INFORMAÇÕES [main] org.apache.catalina.startup.HostConfig.deployDirectory Diretório de instalação da aplicação web [F:\programação\help me\apache-tomcat-10.0.21\webapps\ROOT]
31-May-2022 22:41:34.147 ADVERTÊNCIA [main] org.apache.catalina.util.SessionIdGeneratorBase.createSecureRandom Creation of SecureRandom instance for session ID generation using [SHA1PRNG] took [143] milliseconds.
31-May-2022 22:41:34.184 INFORMAÇÕES [main] org.apache.catalina.startup.HostConfig.deployDirectory Deployment of web application directory [F:\programação\help me\apache-tomcat-10.0.21\webapps\ROOT] has finished in [1.024] ms
31-May-2022 22:41:34.184 INFORMAÇÕES [main] org.apache.catalina.startup.HostConfig.deployDirectory Diretório de instalação da aplicação web [F:\programação\help me\apache-tomcat-10.0.21\webapps\docs]
31-May-2022 22:41:34.290 INFORMAÇÕES [main] org.apache.catalina.startup.HostConfig.deployDirectory Deployment of web application directory [F:\programação\help me\apache-tomcat-10.0.21\webapps\docs] has finished in [105] ms
31-May-2022 22:41:34.290 INFORMAÇÕES [main] org.apache.catalina.startup.HostConfig.deployDirectory Diretório de instalação da aplicação web [F:\programação\help me\apache-tomcat-10.0.21\webapps\examples]
31-May-2022 22:41:37.011 INFORMAÇÕES [main] org.apache.catalina.startup.HostConfig.deployDirectory Deployment of web application directory [F:\programação\help me\apache-tomcat-10.0.21\webapps\examples] has finished in [2.721] ms
31-May-2022 22:41:37.011 INFORMAÇÕES [main] org.apache.catalina.startup.HostConfig.deployDirectory Diretório de instalação da aplicação web [F:\programação\help me\apache-tomcat-10.0.21\webapps\host-manager]
31-May-2022 22:41:37.193 INFORMAÇÕES [main] org.apache.catalina.startup.HostConfig.deployDirectory Deployment of web application directory [F:\programação\help me\apache-tomcat-10.0.21\webapps\host-manager] has finished in [182] ms
31-May-2022 22:41:37.194 INFORMAÇÕES [main] org.apache.catalina.startup.HostConfig.deployDirectory Diretório de instalação da aplicação web [F:\programação\help me\apache-tomcat-10.0.21\webapps\manager]
31-May-2022 22:41:37.481 INFORMAÇÕES [main] org.apache.catalina.startup.HostConfig.deployDirectory Deployment of web application directory [F:\programação\help me\apache-tomcat-10.0.21\webapps\manager] has finished in [287] ms
31-May-2022 22:41:37.496 INFORMAÇÕES [main] org.apache.coyote.AbstractProtocol.start Starting ProtocolHandler ["http-nio-8080"]
31-May-2022 22:41:37.796 INFORMAÇÕES [main] org.apache.catalina.startup.Catalina.start Server startup in [5749] milliseconds
31-May-2022 22:41:49.224 INFORMAÇÕES [http-nio-8080-exec-10] org.apache.catalina.startup.HostConfig.deployDescriptor Deploying deployment descriptor [F:\programação\help me\apache-tomcat-10.0.21\conf\Catalina\localhost\HelpMe.xml]
31-May-2022 22:41:49.226 ADVERTÊNCIA [http-nio-8080-exec-10] org.apache.catalina.startup.HostConfig.deployDescriptor The path attribute with value [/HelpMe] in deployment descriptor [F:\programação\help me\apache-tomcat-10.0.21\conf\Catalina\localhost\HelpMe.xml] has been ignored
31-May-2022 22:41:50.909 INFORMAÇÕES [http-nio-8080-exec-10] org.apache.jasper.servlet.TldScanner.scanJars At least one JAR was scanned for TLDs yet contained no TLDs. Enable debug logging for this logger for a complete list of JARs that were scanned but no TLDs were found in them. Skipping unneeded JARs during scanning can improve startup time and JSP compilation time.
31-May-2022 22:41:50.946 INFORMAÇÕES [http-nio-8080-exec-10] org.apache.catalina.startup.HostConfig.deployDescriptor Deployment of deployment descriptor [F:\programação\help me\apache-tomcat-10.0.21\conf\Catalina\localhost\HelpMe.xml] has finished in [1.722] ms
31-May-2022 22:41:50.951 INFORMAÇÕES [http-nio-8080-exec-2] org.apache.catalina.util.LifecycleBase.start The start() method was called on component [StandardEngine[Catalina].StandardHost[localhost].StandardContext[/HelpMe]] after start() had already been called. The second call will be ignored.
31-May-2022 22:44:56.311 INFORMAÇÕES [http-nio-8080-exec-9] org.apache.catalina.core.StandardContext.reload Reloading Context with name [/HelpMe] has started
31-May-2022 22:44:58.215 INFORMAÇÕES [http-nio-8080-exec-9] org.apache.jasper.servlet.TldScanner.scanJars At least one JAR was scanned for TLDs yet contained no TLDs. Enable debug logging for this logger for a complete list of JARs that were scanned but no TLDs were found in them. Skipping unneeded JARs during scanning can improve startup time and JSP compilation time.
31-May-2022 22:44:58.223 INFORMAÇÕES [http-nio-8080-exec-9] org.apache.catalina.core.StandardContext.reload Reloading Context with name [/HelpMe] is completed
31-May-2022 22:46:06.067 INFORMAÇÕES [http-nio-8080-exec-14] org.apache.catalina.core.StandardContext.reload Reloading Context with name [/HelpMe] has started
31-May-2022 22:46:07.709 INFORMAÇÕES [http-nio-8080-exec-14] org.apache.jasper.servlet.TldScanner.scanJars At least one JAR was scanned for TLDs yet contained no TLDs. Enable debug logging for this logger for a complete list of JARs that were scanned but no TLDs were found in them. Skipping unneeded JARs during scanning can improve startup time and JSP compilation time.
31-May-2022 22:46:07.719 INFORMAÇÕES [http-nio-8080-exec-14] org.apache.catalina.core.StandardContext.reload Reloading Context with name [/HelpMe] is completed
31-May-2022 22:46:18.319 INFORMAÇÕES [http-nio-8080-exec-5] org.apache.catalina.core.StandardContext.reload Reloading Context with name [/HelpMe] has started
31-May-2022 22:46:20.054 INFORMAÇÕES [http-nio-8080-exec-5] org.apache.jasper.servlet.TldScanner.scanJars At least one JAR was scanned for TLDs yet contained no TLDs. Enable debug logging for this logger for a complete list of JARs that were scanned but no TLDs were found in them. Skipping unneeded JARs during scanning can improve startup time and JSP compilation time.
31-May-2022 22:46:20.061 INFORMAÇÕES [http-nio-8080-exec-5] org.apache.catalina.core.StandardContext.reload Reloading Context with name [/HelpMe] is completed
31-May-2022 22:46:20.453 INFORMAÇÕES [http-nio-8080-exec-3] org.apache.catalina.core.StandardContext.reload Reloading Context with name [/HelpMe] has started
31-May-2022 22:46:22.135 INFORMAÇÕES [http-nio-8080-exec-3] org.apache.jasper.servlet.TldScanner.scanJars At least one JAR was scanned for TLDs yet contained no TLDs. Enable debug logging for this logger for a complete list of JARs that were scanned but no TLDs were found in them. Skipping unneeded JARs during scanning can improve startup time and JSP compilation time.
31-May-2022 22:46:22.143 INFORMAÇÕES [http-nio-8080-exec-3] org.apache.catalina.core.StandardContext.reload Reloading Context with name [/HelpMe] is completed
31-May-2022 22:46:44.398 INFORMAÇÕES [http-nio-8080-exec-13] org.apache.catalina.core.StandardContext.reload Reloading Context with name [/HelpMe] has started
31-May-2022 22:46:45.985 INFORMAÇÕES [http-nio-8080-exec-13] org.apache.jasper.servlet.TldScanner.scanJars At least one JAR was scanned for TLDs yet contained no TLDs. Enable debug logging for this logger for a complete list of JARs that were scanned but no TLDs were found in them. Skipping unneeded JARs during scanning can improve startup time and JSP compilation time.
31-May-2022 22:46:45.994 INFORMAÇÕES [http-nio-8080-exec-13] org.apache.catalina.core.StandardContext.reload Reloading Context with name [/HelpMe] is completed
31-May-2022 22:47:20.122 INFORMAÇÕES [http-nio-8080-exec-6] org.apache.catalina.core.StandardContext.reload Reloading Context with name [/HelpMe] has started
31-May-2022 22:47:21.786 INFORMAÇÕES [http-nio-8080-exec-6] org.apache.jasper.servlet.TldScanner.scanJars At least one JAR was scanned for TLDs yet contained no TLDs. Enable debug logging for this logger for a complete list of JARs that were scanned but no TLDs were found in them. Skipping unneeded JARs during scanning can improve startup time and JSP compilation time.
31-May-2022 22:47:21.794 INFORMAÇÕES [http-nio-8080-exec-6] org.apache.catalina.core.StandardContext.reload Reloading Context with name [/HelpMe] is completed
31-May-2022 22:47:22.159 INFORMAÇÕES [http-nio-8080-exec-1] org.apache.catalina.core.StandardContext.reload Reloading Context with name [/HelpMe] has started
31-May-2022 22:47:23.691 INFORMAÇÕES [http-nio-8080-exec-1] org.apache.jasper.servlet.TldScanner.scanJars At least one JAR was scanned for TLDs yet contained no TLDs. Enable debug logging for this logger for a complete list of JARs that were scanned but no TLDs were found in them. Skipping unneeded JARs during scanning can improve startup time and JSP compilation time.
31-May-2022 22:47:23.699 INFORMAÇÕES [http-nio-8080-exec-1] org.apache.catalina.core.StandardContext.reload Reloading Context with name [/HelpMe] is completed
31-May-2022 22:48:08.129 INFORMAÇÕES [http-nio-8080-exec-18] org.apache.catalina.core.StandardContext.reload Reloading Context with name [/HelpMe] has started
31-May-2022 22:48:09.726 INFORMAÇÕES [http-nio-8080-exec-18] org.apache.jasper.servlet.TldScanner.scanJars At least one JAR was scanned for TLDs yet contained no TLDs. Enable debug logging for this logger for a complete list of JARs that were scanned but no TLDs were found in them. Skipping unneeded JARs during scanning can improve startup time and JSP compilation time.
31-May-2022 22:48:09.735 INFORMAÇÕES [http-nio-8080-exec-18] org.apache.catalina.core.StandardContext.reload Reloading Context with name [/HelpMe] is completed
31-May-2022 22:51:09.992 INFORMAÇÕES [http-nio-8080-exec-27] org.apache.catalina.core.StandardContext.reload Reloading Context with name [/HelpMe] has started
31-May-2022 22:51:14.387 INFORMAÇÕES [http-nio-8080-exec-27] org.apache.jasper.servlet.TldScanner.scanJars At least one JAR was scanned for TLDs yet contained no TLDs. Enable debug logging for this logger for a complete list of JARs that were scanned but no TLDs were found in them. Skipping unneeded JARs during scanning can improve startup time and JSP compilation time.
31-May-2022 22:51:14.387 INFORMAÇÕES [http-nio-8080-exec-27] org.apache.catalina.core.StandardContext.reload Reloading Context with name [/HelpMe] is completed
31-May-2022 22:51:14.764 INFORMAÇÕES [http-nio-8080-exec-31] org.apache.catalina.core.StandardContext.reload Reloading Context with name [/HelpMe] has started
31-May-2022 22:51:16.395 INFORMAÇÕES [http-nio-8080-exec-31] org.apache.jasper.servlet.TldScanner.scanJars At least one JAR was scanned for TLDs yet contained no TLDs. Enable debug logging for this logger for a complete list of JARs that were scanned but no TLDs were found in them. Skipping unneeded JARs during scanning can improve startup time and JSP compilation time.
31-May-2022 22:51:16.405 INFORMAÇÕES [http-nio-8080-exec-31] org.apache.catalina.core.StandardContext.reload Reloading Context with name [/HelpMe] is completed
31-May-2022 22:51:24.922 INFORMAÇÕES [http-nio-8080-exec-2] org.apache.catalina.core.StandardContext.reload Reloading Context with name [/HelpMe] has started
31-May-2022 22:51:26.633 INFORMAÇÕES [http-nio-8080-exec-2] org.apache.jasper.servlet.TldScanner.scanJars At least one JAR was scanned for TLDs yet contained no TLDs. Enable debug logging for this logger for a complete list of JARs that were scanned but no TLDs were found in them. Skipping unneeded JARs during scanning can improve startup time and JSP compilation time.
31-May-2022 22:51:26.633 INFORMAÇÕES [http-nio-8080-exec-2] org.apache.catalina.core.StandardContext.reload Reloading Context with name [/HelpMe] is completed
31-May-2022 22:51:34.363 INFORMAÇÕES [http-nio-8080-exec-34] org.apache.catalina.core.StandardContext.reload Reloading Context with name [/HelpMe] has started
31-May-2022 22:51:35.943 INFORMAÇÕES [http-nio-8080-exec-34] org.apache.jasper.servlet.TldScanner.scanJars At least one JAR was scanned for TLDs yet contained no TLDs. Enable debug logging for this logger for a complete list of JARs that were scanned but no TLDs were found in them. Skipping unneeded JARs during scanning can improve startup time and JSP compilation time.
31-May-2022 22:51:35.951 INFORMAÇÕES [http-nio-8080-exec-34] org.apache.catalina.core.StandardContext.reload Reloading Context with name [/HelpMe] is completed
31-May-2022 22:51:47.492 INFORMAÇÕES [http-nio-8080-exec-28] org.apache.catalina.core.StandardContext.reload Reloading Context with name [/HelpMe] has started
31-May-2022 22:51:49.147 INFORMAÇÕES [http-nio-8080-exec-28] org.apache.jasper.servlet.TldScanner.scanJars At least one JAR was scanned for TLDs yet contained no TLDs. Enable debug logging for this logger for a complete list of JARs that were scanned but no TLDs were found in them. Skipping unneeded JARs during scanning can improve startup time and JSP compilation time.
31-May-2022 22:51:49.156 INFORMAÇÕES [http-nio-8080-exec-28] org.apache.catalina.core.StandardContext.reload Reloading Context with name [/HelpMe] is completed
31-May-2022 22:54:05.772 INFORMAÇÕES [http-nio-8080-exec-40] org.apache.catalina.core.StandardContext.reload Reloading Context with name [/HelpMe] has started
31-May-2022 22:54:07.355 INFORMAÇÕES [http-nio-8080-exec-40] org.apache.jasper.servlet.TldScanner.scanJars At least one JAR was scanned for TLDs yet contained no TLDs. Enable debug logging for this logger for a complete list of JARs that were scanned but no TLDs were found in them. Skipping unneeded JARs during scanning can improve startup time and JSP compilation time.
31-May-2022 22:54:07.361 INFORMAÇÕES [http-nio-8080-exec-40] org.apache.catalina.core.StandardContext.reload Reloading Context with name [/HelpMe] is completed
31-May-2022 22:54:07.718 INFORMAÇÕES [http-nio-8080-exec-39] org.apache.catalina.core.StandardContext.reload Reloading Context with name [/HelpMe] has started
31-May-2022 22:54:09.199 INFORMAÇÕES [http-nio-8080-exec-39] org.apache.jasper.servlet.TldScanner.scanJars At least one JAR was scanned for TLDs yet contained no TLDs. Enable debug logging for this logger for a complete list of JARs that were scanned but no TLDs were found in them. Skipping unneeded JARs during scanning can improve startup time and JSP compilation time.
31-May-2022 22:54:09.206 INFORMAÇÕES [http-nio-8080-exec-39] org.apache.catalina.core.StandardContext.reload Reloading Context with name [/HelpMe] is completed
31-May-2022 22:57:21.716 INFORMAÇÕES [http-nio-8080-exec-48] org.apache.catalina.core.StandardContext.reload Reloading Context with name [/HelpMe] has started
31-May-2022 22:57:23.203 INFORMAÇÕES [http-nio-8080-exec-48] org.apache.jasper.servlet.TldScanner.scanJars At least one JAR was scanned for TLDs yet contained no TLDs. Enable debug logging for this logger for a complete list of JARs that were scanned but no TLDs were found in them. Skipping unneeded JARs during scanning can improve startup time and JSP compilation time.
31-May-2022 22:57:23.211 INFORMAÇÕES [http-nio-8080-exec-48] org.apache.catalina.core.StandardContext.reload Reloading Context with name [/HelpMe] is completed
31-May-2022 22:59:15.791 INFORMAÇÕES [http-nio-8080-exec-38] org.apache.catalina.core.StandardContext.reload Reloading Context with name [/HelpMe] has started
31-May-2022 22:59:17.412 INFORMAÇÕES [http-nio-8080-exec-38] org.apache.jasper.servlet.TldScanner.scanJars At least one JAR was scanned for TLDs yet contained no TLDs. Enable debug logging for this logger for a complete list of JARs that were scanned but no TLDs were found in them. Skipping unneeded JARs during scanning can improve startup time and JSP compilation time.
31-May-2022 22:59:17.412 INFORMAÇÕES [http-nio-8080-exec-38] org.apache.catalina.core.StandardContext.reload Reloading Context with name [/HelpMe] is completed
31-May-2022 22:59:25.094 INFORMAÇÕES [http-nio-8080-exec-51] org.apache.catalina.core.StandardContext.reload Reloading Context with name [/HelpMe] has started
31-May-2022 22:59:26.574 INFORMAÇÕES [http-nio-8080-exec-51] org.apache.jasper.servlet.TldScanner.scanJars At least one JAR was scanned for TLDs yet contained no TLDs. Enable debug logging for this logger for a complete list of JARs that were scanned but no TLDs were found in them. Skipping unneeded JARs during scanning can improve startup time and JSP compilation time.
31-May-2022 22:59:26.581 INFORMAÇÕES [http-nio-8080-exec-51] org.apache.catalina.core.StandardContext.reload Reloading Context with name [/HelpMe] is completed
31-May-2022 23:00:27.550 INFORMAÇÕES [http-nio-8080-exec-46] org.apache.catalina.core.StandardContext.reload Reloading Context with name [/HelpMe] has started
31-May-2022 23:00:29.155 INFORMAÇÕES [http-nio-8080-exec-46] org.apache.jasper.servlet.TldScanner.scanJars At least one JAR was scanned for TLDs yet contained no TLDs. Enable debug logging for this logger for a complete list of JARs that were scanned but no TLDs were found in them. Skipping unneeded JARs during scanning can improve startup time and JSP compilation time.
31-May-2022 23:00:29.172 INFORMAÇÕES [http-nio-8080-exec-46] org.apache.catalina.core.StandardContext.reload Reloading Context with name [/HelpMe] is completed
31-May-2022 23:01:12.095 INFORMAÇÕES [http-nio-8080-exec-54] org.apache.catalina.core.StandardContext.reload Reloading Context with name [/HelpMe] has started
31-May-2022 23:01:13.650 INFORMAÇÕES [http-nio-8080-exec-54] org.apache.jasper.servlet.TldScanner.scanJars At least one JAR was scanned for TLDs yet contained no TLDs. Enable debug logging for this logger for a complete list of JARs that were scanned but no TLDs were found in them. Skipping unneeded JARs during scanning can improve startup time and JSP compilation time.
31-May-2022 23:01:13.650 INFORMAÇÕES [http-nio-8080-exec-54] org.apache.catalina.core.StandardContext.reload Reloading Context with name [/HelpMe] is completed
31-May-2022 23:01:56.608 INFORMAÇÕES [http-nio-8080-exec-56] org.apache.catalina.core.StandardContext.reload Reloading Context with name [/HelpMe] has started
31-May-2022 23:01:58.158 INFORMAÇÕES [http-nio-8080-exec-56] org.apache.jasper.servlet.TldScanner.scanJars At least one JAR was scanned for TLDs yet contained no TLDs. Enable debug logging for this logger for a complete list of JARs that were scanned but no TLDs were found in them. Skipping unneeded JARs during scanning can improve startup time and JSP compilation time.
31-May-2022 23:01:58.163 INFORMAÇÕES [http-nio-8080-exec-56] org.apache.catalina.core.StandardContext.reload Reloading Context with name [/HelpMe] is completed
31-May-2022 23:02:43.357 INFORMAÇÕES [http-nio-8080-exec-64] org.apache.catalina.core.StandardContext.reload Reloading Context with name [/HelpMe] has started
31-May-2022 23:02:44.971 INFORMAÇÕES [http-nio-8080-exec-64] org.apache.jasper.servlet.TldScanner.scanJars At least one JAR was scanned for TLDs yet contained no TLDs. Enable debug logging for this logger for a complete list of JARs that were scanned but no TLDs were found in them. Skipping unneeded JARs during scanning can improve startup time and JSP compilation time.
31-May-2022 23:02:44.980 INFORMAÇÕES [http-nio-8080-exec-64] org.apache.catalina.core.StandardContext.reload Reloading Context with name [/HelpMe] is completed
31-May-2022 23:03:15.044 INFORMAÇÕES [http-nio-8080-exec-63] org.apache.catalina.core.StandardContext.reload Reloading Context with name [/HelpMe] has started
31-May-2022 23:03:16.538 INFORMAÇÕES [http-nio-8080-exec-63] org.apache.jasper.servlet.TldScanner.scanJars At least one JAR was scanned for TLDs yet contained no TLDs. Enable debug logging for this logger for a complete list of JARs that were scanned but no TLDs were found in them. Skipping unneeded JARs during scanning can improve startup time and JSP compilation time.
31-May-2022 23:03:16.545 INFORMAÇÕES [http-nio-8080-exec-63] org.apache.catalina.core.StandardContext.reload Reloading Context with name [/HelpMe] is completed
31-May-2022 23:03:17.410 INFORMAÇÕES [http-nio-8080-exec-68] org.apache.catalina.core.StandardContext.reload Reloading Context with name [/HelpMe] has started
31-May-2022 23:03:18.926 INFORMAÇÕES [http-nio-8080-exec-68] org.apache.jasper.servlet.TldScanner.scanJars At least one JAR was scanned for TLDs yet contained no TLDs. Enable debug logging for this logger for a complete list of JARs that were scanned but no TLDs were found in them. Skipping unneeded JARs during scanning can improve startup time and JSP compilation time.
31-May-2022 23:03:18.931 INFORMAÇÕES [http-nio-8080-exec-68] org.apache.catalina.core.StandardContext.reload Reloading Context with name [/HelpMe] is completed
31-May-2022 23:03:31.573 INFORMAÇÕES [http-nio-8080-exec-70] org.apache.catalina.core.StandardContext.reload Reloading Context with name [/HelpMe] has started
31-May-2022 23:03:33.349 INFORMAÇÕES [http-nio-8080-exec-70] org.apache.jasper.servlet.TldScanner.scanJars At least one JAR was scanned for TLDs yet contained no TLDs. Enable debug logging for this logger for a complete list of JARs that were scanned but no TLDs were found in them. Skipping unneeded JARs during scanning can improve startup time and JSP compilation time.
31-May-2022 23:03:33.357 INFORMAÇÕES [http-nio-8080-exec-70] org.apache.catalina.core.StandardContext.reload Reloading Context with name [/HelpMe] is completed
31-May-2022 23:04:29.228 INFORMAÇÕES [http-nio-8080-exec-50] org.apache.catalina.core.StandardContext.reload Reloading Context with name [/HelpMe] has started
31-May-2022 23:04:30.687 INFORMAÇÕES [http-nio-8080-exec-50] org.apache.jasper.servlet.TldScanner.scanJars At least one JAR was scanned for TLDs yet contained no TLDs. Enable debug logging for this logger for a complete list of JARs that were scanned but no TLDs were found in them. Skipping unneeded JARs during scanning can improve startup time and JSP compilation time.
31-May-2022 23:04:30.694 INFORMAÇÕES [http-nio-8080-exec-50] org.apache.catalina.core.StandardContext.reload Reloading Context with name [/HelpMe] is completed
31-May-2022 23:04:32.196 INFORMAÇÕES [http-nio-8080-exec-71] org.apache.catalina.core.StandardContext.reload Reloading Context with name [/HelpMe] has started
31-May-2022 23:04:33.733 INFORMAÇÕES [http-nio-8080-exec-71] org.apache.jasper.servlet.TldScanner.scanJars At least one JAR was scanned for TLDs yet contained no TLDs. Enable debug logging for this logger for a complete list of JARs that were scanned but no TLDs were found in them. Skipping unneeded JARs during scanning can improve startup time and JSP compilation time.
31-May-2022 23:04:33.750 INFORMAÇÕES [http-nio-8080-exec-71] org.apache.catalina.core.StandardContext.reload Reloading Context with name [/HelpMe] is completed
31-May-2022 23:04:46.275 INFORMAÇÕES [http-nio-8080-exec-75] org.apache.catalina.core.StandardContext.reload Reloading Context with name [/HelpMe] has started
31-May-2022 23:04:47.839 INFORMAÇÕES [http-nio-8080-exec-75] org.apache.jasper.servlet.TldScanner.scanJars At least one JAR was scanned for TLDs yet contained no TLDs. Enable debug logging for this logger for a complete list of JARs that were scanned but no TLDs were found in them. Skipping unneeded JARs during scanning can improve startup time and JSP compilation time.
31-May-2022 23:04:47.839 INFORMAÇÕES [http-nio-8080-exec-75] org.apache.catalina.core.StandardContext.reload Reloading Context with name [/HelpMe] is completed
31-May-2022 23:04:56.436 INFORMAÇÕES [http-nio-8080-exec-72] org.apache.catalina.core.StandardContext.reload Reloading Context with name [/HelpMe] has started
31-May-2022 23:04:58.109 INFORMAÇÕES [http-nio-8080-exec-72] org.apache.jasper.servlet.TldScanner.scanJars At least one JAR was scanned for TLDs yet contained no TLDs. Enable debug logging for this logger for a complete list of JARs that were scanned but no TLDs were found in them. Skipping unneeded JARs during scanning can improve startup time and JSP compilation time.
31-May-2022 23:04:58.114 INFORMAÇÕES [http-nio-8080-exec-72] org.apache.catalina.core.StandardContext.reload Reloading Context with name [/HelpMe] is completed
31-May-2022 23:05:04.872 INFORMAÇÕES [http-nio-8080-exec-60] org.apache.catalina.core.StandardContext.reload Reloading Context with name [/HelpMe] has started
31-May-2022 23:05:06.507 INFORMAÇÕES [http-nio-8080-exec-60] org.apache.jasper.servlet.TldScanner.scanJars At least one JAR was scanned for TLDs yet contained no TLDs. Enable debug logging for this logger for a complete list of JARs that were scanned but no TLDs were found in them. Skipping unneeded JARs during scanning can improve startup time and JSP compilation time.
31-May-2022 23:05:06.513 INFORMAÇÕES [http-nio-8080-exec-60] org.apache.catalina.core.StandardContext.reload Reloading Context with name [/HelpMe] is completed
31-May-2022 23:05:52.823 INFORMAÇÕES [http-nio-8080-exec-78] org.apache.catalina.core.StandardContext.reload Reloading Context with name [/HelpMe] has started
31-May-2022 23:05:54.420 INFORMAÇÕES [http-nio-8080-exec-78] org.apache.jasper.servlet.TldScanner.scanJars At least one JAR was scanned for TLDs yet contained no TLDs. Enable debug logging for this logger for a complete list of JARs that were scanned but no TLDs were found in them. Skipping unneeded JARs during scanning can improve startup time and JSP compilation time.
31-May-2022 23:05:54.420 INFORMAÇÕES [http-nio-8080-exec-78] org.apache.catalina.core.StandardContext.reload Reloading Context with name [/HelpMe] is completed
31-May-2022 23:05:55.185 INFORMAÇÕES [http-nio-8080-exec-58] org.apache.catalina.core.StandardContext.reload Reloading Context with name [/HelpMe] has started
31-May-2022 23:05:56.647 INFORMAÇÕES [http-nio-8080-exec-58] org.apache.jasper.servlet.TldScanner.scanJars At least one JAR was scanned for TLDs yet contained no TLDs. Enable debug logging for this logger for a complete list of JARs that were scanned but no TLDs were found in them. Skipping unneeded JARs during scanning can improve startup time and JSP compilation time.
31-May-2022 23:05:56.653 INFORMAÇÕES [http-nio-8080-exec-58] org.apache.catalina.core.StandardContext.reload Reloading Context with name [/HelpMe] is completed
31-May-2022 23:06:58.691 INFORMAÇÕES [http-nio-8080-exec-89] org.apache.catalina.core.StandardContext.reload Reloading Context with name [/HelpMe] has started
31-May-2022 23:07:00.216 INFORMAÇÕES [http-nio-8080-exec-89] org.apache.jasper.servlet.TldScanner.scanJars At least one JAR was scanned for TLDs yet contained no TLDs. Enable debug logging for this logger for a complete list of JARs that were scanned but no TLDs were found in them. Skipping unneeded JARs during scanning can improve startup time and JSP compilation time.
31-May-2022 23:07:00.221 INFORMAÇÕES [http-nio-8080-exec-89] org.apache.catalina.core.StandardContext.reload Reloading Context with name [/HelpMe] is completed
31-May-2022 23:07:06.776 INFORMAÇÕES [http-nio-8080-exec-82] org.apache.catalina.core.StandardContext.reload Reloading Context with name [/HelpMe] has started
31-May-2022 23:07:08.291 INFORMAÇÕES [http-nio-8080-exec-82] org.apache.jasper.servlet.TldScanner.scanJars At least one JAR was scanned for TLDs yet contained no TLDs. Enable debug logging for this logger for a complete list of JARs that were scanned but no TLDs were found in them. Skipping unneeded JARs during scanning can improve startup time and JSP compilation time.
31-May-2022 23:07:08.297 INFORMAÇÕES [http-nio-8080-exec-82] org.apache.catalina.core.StandardContext.reload Reloading Context with name [/HelpMe] is completed
31-May-2022 23:07:15.250 INFORMAÇÕES [http-nio-8080-exec-87] org.apache.catalina.core.StandardContext.reload Reloading Context with name [/HelpMe] has started
31-May-2022 23:07:16.807 INFORMAÇÕES [http-nio-8080-exec-87] org.apache.jasper.servlet.TldScanner.scanJars At least one JAR was scanned for TLDs yet contained no TLDs. Enable debug logging for this logger for a complete list of JARs that were scanned but no TLDs were found in them. Skipping unneeded JARs during scanning can improve startup time and JSP compilation time.
31-May-2022 23:07:16.823 INFORMAÇÕES [http-nio-8080-exec-87] org.apache.catalina.core.StandardContext.reload Reloading Context with name [/HelpMe] is completed
31-May-2022 23:07:18.714 INFORMAÇÕES [http-nio-8080-exec-94] org.apache.catalina.core.StandardContext.reload Reloading Context with name [/HelpMe] has started
31-May-2022 23:07:20.154 INFORMAÇÕES [http-nio-8080-exec-94] org.apache.jasper.servlet.TldScanner.scanJars At least one JAR was scanned for TLDs yet contained no TLDs. Enable debug logging for this logger for a complete list of JARs that were scanned but no TLDs were found in them. Skipping unneeded JARs during scanning can improve startup time and JSP compilation time.
31-May-2022 23:07:20.159 INFORMAÇÕES [http-nio-8080-exec-94] org.apache.catalina.core.StandardContext.reload Reloading Context with name [/HelpMe] is completed
31-May-2022 23:11:25.439 INFORMAÇÕES [http-nio-8080-exec-97] org.apache.catalina.core.StandardContext.reload Reloading Context with name [/HelpMe] has started
31-May-2022 23:11:27.258 INFORMAÇÕES [http-nio-8080-exec-97] org.apache.jasper.servlet.TldScanner.scanJars At least one JAR was scanned for TLDs yet contained no TLDs. Enable debug logging for this logger for a complete list of JARs that were scanned but no TLDs were found in them. Skipping unneeded JARs during scanning can improve startup time and JSP compilation time.
31-May-2022 23:11:27.265 INFORMAÇÕES [http-nio-8080-exec-97] org.apache.catalina.core.StandardContext.reload Reloading Context with name [/HelpMe] is completed
31-May-2022 23:11:27.631 INFORMAÇÕES [http-nio-8080-exec-100] org.apache.catalina.core.StandardContext.reload Reloading Context with name [/HelpMe] has started
31-May-2022 23:11:29.133 INFORMAÇÕES [http-nio-8080-exec-100] org.apache.jasper.servlet.TldScanner.scanJars At least one JAR was scanned for TLDs yet contained no TLDs. Enable debug logging for this logger for a complete list of JARs that were scanned but no TLDs were found in them. Skipping unneeded JARs during scanning can improve startup time and JSP compilation time.
31-May-2022 23:11:29.140 INFORMAÇÕES [http-nio-8080-exec-100] org.apache.catalina.core.StandardContext.reload Reloading Context with name [/HelpMe] is completed
31-May-2022 23:13:27.036 INFORMAÇÕES [http-nio-8080-exec-104] org.apache.catalina.core.StandardContext.reload Reloading Context with name [/HelpMe] has started
31-May-2022 23:13:28.443 INFORMAÇÕES [http-nio-8080-exec-104] org.apache.jasper.servlet.TldScanner.scanJars At least one JAR was scanned for TLDs yet contained no TLDs. Enable debug logging for this logger for a complete list of JARs that were scanned but no TLDs were found in them. Skipping unneeded JARs during scanning can improve startup time and JSP compilation time.
31-May-2022 23:13:28.447 INFORMAÇÕES [http-nio-8080-exec-104] org.apache.catalina.core.StandardContext.reload Reloading Context with name [/HelpMe] is completed
31-May-2022 23:14:31.563 INFORMAÇÕES [http-nio-8080-exec-114] org.apache.catalina.core.StandardContext.reload Reloading Context with name [/HelpMe] has started
31-May-2022 23:14:33.118 INFORMAÇÕES [http-nio-8080-exec-114] org.apache.jasper.servlet.TldScanner.scanJars At least one JAR was scanned for TLDs yet contained no TLDs. Enable debug logging for this logger for a complete list of JARs that were scanned but no TLDs were found in them. Skipping unneeded JARs during scanning can improve startup time and JSP compilation time.
31-May-2022 23:14:33.118 INFORMAÇÕES [http-nio-8080-exec-114] org.apache.catalina.core.StandardContext.reload Reloading Context with name [/HelpMe] is completed
31-May-2022 23:14:58.678 INFORMAÇÕES [http-nio-8080-exec-103] org.apache.catalina.core.StandardContext.reload Reloading Context with name [/HelpMe] has started
31-May-2022 23:15:00.166 INFORMAÇÕES [http-nio-8080-exec-103] org.apache.jasper.servlet.TldScanner.scanJars At least one JAR was scanned for TLDs yet contained no TLDs. Enable debug logging for this logger for a complete list of JARs that were scanned but no TLDs were found in them. Skipping unneeded JARs during scanning can improve startup time and JSP compilation time.
31-May-2022 23:15:00.171 INFORMAÇÕES [http-nio-8080-exec-103] org.apache.catalina.core.StandardContext.reload Reloading Context with name [/HelpMe] is completed
31-May-2022 23:15:29.772 INFORMAÇÕES [http-nio-8080-exec-113] org.apache.catalina.core.StandardContext.reload Reloading Context with name [/HelpMe] has started
31-May-2022 23:15:31.213 INFORMAÇÕES [http-nio-8080-exec-113] org.apache.jasper.servlet.TldScanner.scanJars At least one JAR was scanned for TLDs yet contained no TLDs. Enable debug logging for this logger for a complete list of JARs that were scanned but no TLDs were found in them. Skipping unneeded JARs during scanning can improve startup time and JSP compilation time.
31-May-2022 23:15:31.218 INFORMAÇÕES [http-nio-8080-exec-113] org.apache.catalina.core.StandardContext.reload Reloading Context with name [/HelpMe] is completed
31-May-2022 23:15:42.832 INFORMAÇÕES [http-nio-8080-exec-120] org.apache.catalina.core.StandardContext.reload Reloading Context with name [/HelpMe] has started
31-May-2022 23:15:44.234 INFORMAÇÕES [http-nio-8080-exec-120] org.apache.jasper.servlet.TldScanner.scanJars At least one JAR was scanned for TLDs yet contained no TLDs. Enable debug logging for this logger for a complete list of JARs that were scanned but no TLDs were found in them. Skipping unneeded JARs during scanning can improve startup time and JSP compilation time.
31-May-2022 23:15:44.240 INFORMAÇÕES [http-nio-8080-exec-120] org.apache.catalina.core.StandardContext.reload Reloading Context with name [/HelpMe] is completed
31-May-2022 23:16:06.363 INFORMAÇÕES [http-nio-8080-exec-111] org.apache.catalina.core.StandardContext.reload Reloading Context with name [/HelpMe] has started
31-May-2022 23:16:07.804 INFORMAÇÕES [http-nio-8080-exec-111] org.apache.jasper.servlet.TldScanner.scanJars At least one JAR was scanned for TLDs yet contained no TLDs. Enable debug logging for this logger for a complete list of JARs that were scanned but no TLDs were found in them. Skipping unneeded JARs during scanning can improve startup time and JSP compilation time.
31-May-2022 23:16:07.810 INFORMAÇÕES [http-nio-8080-exec-111] org.apache.catalina.core.StandardContext.reload Reloading Context with name [/HelpMe] is completed
31-May-2022 23:18:25.973 INFORMAÇÕES [http-nio-8080-exec-125] org.apache.catalina.core.StandardContext.reload Reloading Context with name [/HelpMe] has started
31-May-2022 23:18:27.654 INFORMAÇÕES [http-nio-8080-exec-125] org.apache.jasper.servlet.TldScanner.scanJars At least one JAR was scanned for TLDs yet contained no TLDs. Enable debug logging for this logger for a complete list of JARs that were scanned but no TLDs were found in them. Skipping unneeded JARs during scanning can improve startup time and JSP compilation time.
31-May-2022 23:18:27.658 INFORMAÇÕES [http-nio-8080-exec-125] org.apache.catalina.core.StandardContext.reload Reloading Context with name [/HelpMe] is completed
31-May-2022 23:18:28.193 INFORMAÇÕES [http-nio-8080-exec-123] org.apache.catalina.core.StandardContext.reload Reloading Context with name [/HelpMe] has started
31-May-2022 23:18:29.955 INFORMAÇÕES [http-nio-8080-exec-123] org.apache.jasper.servlet.TldScanner.scanJars At least one JAR was scanned for TLDs yet contained no TLDs. Enable debug logging for this logger for a complete list of JARs that were scanned but no TLDs were found in them. Skipping unneeded JARs during scanning can improve startup time and JSP compilation time.
31-May-2022 23:18:29.961 INFORMAÇÕES [http-nio-8080-exec-123] org.apache.catalina.core.StandardContext.reload Reloading Context with name [/HelpMe] is completed
31-May-2022 23:18:30.332 INFORMAÇÕES [http-nio-8080-exec-128] org.apache.catalina.core.StandardContext.reload Reloading Context with name [/HelpMe] has started
31-May-2022 23:18:31.855 INFORMAÇÕES [http-nio-8080-exec-128] org.apache.jasper.servlet.TldScanner.scanJars At least one JAR was scanned for TLDs yet contained no TLDs. Enable debug logging for this logger for a complete list of JARs that were scanned but no TLDs were found in them. Skipping unneeded JARs during scanning can improve startup time and JSP compilation time.
31-May-2022 23:18:31.860 INFORMAÇÕES [http-nio-8080-exec-128] org.apache.catalina.core.StandardContext.reload Reloading Context with name [/HelpMe] is completed
31-May-2022 23:18:38.854 INFORMAÇÕES [http-nio-8080-exec-129] org.apache.catalina.core.StandardContext.reload Reloading Context with name [/HelpMe] has started
31-May-2022 23:18:40.308 INFORMAÇÕES [http-nio-8080-exec-129] org.apache.jasper.servlet.TldScanner.scanJars At least one JAR was scanned for TLDs yet contained no TLDs. Enable debug logging for this logger for a complete list of JARs that were scanned but no TLDs were found in them. Skipping unneeded JARs during scanning can improve startup time and JSP compilation time.
31-May-2022 23:18:40.314 INFORMAÇÕES [http-nio-8080-exec-129] org.apache.catalina.core.StandardContext.reload Reloading Context with name [/HelpMe] is completed
31-May-2022 23:19:27.526 INFORMAÇÕES [http-nio-8080-exec-99] org.apache.catalina.core.StandardContext.reload Reloading Context with name [/HelpMe] has started
31-May-2022 23:19:28.982 INFORMAÇÕES [http-nio-8080-exec-99] org.apache.jasper.servlet.TldScanner.scanJars At least one JAR was scanned for TLDs yet contained no TLDs. Enable debug logging for this logger for a complete list of JARs that were scanned but no TLDs were found in them. Skipping unneeded JARs during scanning can improve startup time and JSP compilation time.
31-May-2022 23:19:28.987 INFORMAÇÕES [http-nio-8080-exec-99] org.apache.catalina.core.StandardContext.reload Reloading Context with name [/HelpMe] is completed
31-May-2022 23:20:18.958 INFORMAÇÕES [http-nio-8080-exec-130] org.apache.catalina.core.StandardContext.reload Reloading Context with name [/HelpMe] has started
31-May-2022 23:20:20.421 INFORMAÇÕES [http-nio-8080-exec-130] org.apache.jasper.servlet.TldScanner.scanJars At least one JAR was scanned for TLDs yet contained no TLDs. Enable debug logging for this logger for a complete list of JARs that were scanned but no TLDs were found in them. Skipping unneeded JARs during scanning can improve startup time and JSP compilation time.
31-May-2022 23:20:20.426 INFORMAÇÕES [http-nio-8080-exec-130] org.apache.catalina.core.StandardContext.reload Reloading Context with name [/HelpMe] is completed
31-May-2022 23:21:01.670 INFORMAÇÕES [http-nio-8080-exec-126] org.apache.catalina.core.StandardContext.reload Reloading Context with name [/HelpMe] has started
31-May-2022 23:21:03.236 INFORMAÇÕES [http-nio-8080-exec-126] org.apache.jasper.servlet.TldScanner.scanJars At least one JAR was scanned for TLDs yet contained no TLDs. Enable debug logging for this logger for a complete list of JARs that were scanned but no TLDs were found in them. Skipping unneeded JARs during scanning can improve startup time and JSP compilation time.
31-May-2022 23:21:03.245 INFORMAÇÕES [http-nio-8080-exec-126] org.apache.catalina.core.StandardContext.reload Reloading Context with name [/HelpMe] is completed
31-May-2022 23:21:17.054 INFORMAÇÕES [http-nio-8080-exec-138] org.apache.catalina.core.StandardContext.reload Reloading Context with name [/HelpMe] has started
31-May-2022 23:21:18.736 INFORMAÇÕES [http-nio-8080-exec-138] org.apache.jasper.servlet.TldScanner.scanJars At least one JAR was scanned for TLDs yet contained no TLDs. Enable debug logging for this logger for a complete list of JARs that were scanned but no TLDs were found in them. Skipping unneeded JARs during scanning can improve startup time and JSP compilation time.
31-May-2022 23:21:18.736 INFORMAÇÕES [http-nio-8080-exec-138] org.apache.catalina.core.StandardContext.reload Reloading Context with name [/HelpMe] is completed
31-May-2022 23:21:19.111 INFORMAÇÕES [http-nio-8080-exec-127] org.apache.catalina.core.StandardContext.reload Reloading Context with name [/HelpMe] has started
31-May-2022 23:21:20.551 INFORMAÇÕES [http-nio-8080-exec-127] org.apache.jasper.servlet.TldScanner.scanJars At least one JAR was scanned for TLDs yet contained no TLDs. Enable debug logging for this logger for a complete list of JARs that were scanned but no TLDs were found in them. Skipping unneeded JARs during scanning can improve startup time and JSP compilation time.
31-May-2022 23:21:20.557 INFORMAÇÕES [http-nio-8080-exec-127] org.apache.catalina.core.StandardContext.reload Reloading Context with name [/HelpMe] is completed
31-May-2022 23:22:02.047 INFORMAÇÕES [main] org.apache.catalina.core.StandardServer.await A valid shutdown command was received via the shutdown port. Stopping the Server instance.
31-May-2022 23:22:02.048 INFORMAÇÕES [main] org.apache.coyote.AbstractProtocol.pause Pausing ProtocolHandler ["http-nio-8080"]
31-May-2022 23:22:02.065 INFORMAÇÕES [main] org.apache.catalina.core.StandardService.stopInternal Stopping service [Catalina]
31-May-2022 23:22:02.112 INFORMAÇÕES [main] org.apache.coyote.AbstractProtocol.stop Stopping ProtocolHandler ["http-nio-8080"]
31-May-2022 23:22:02.179 INFORMAÇÕES [main] org.apache.coyote.AbstractProtocol.destroy Destroying ProtocolHandler ["http-nio-8080"]
